# Logfile created on 2014-02-15 22:02:36 +0100 by logger.rb/41954
I, [2014-02-15T22:02:36.356893 #23681]  INFO -- : 0:  rake (10.1.0) from /home/nasarek/.rbenv/versions/2.0.0-p353/lib/ruby/gems/2.0.0/specifications/rake-10.1.0.gemspec
I, [2014-02-15T22:02:36.359746 #23681]  INFO -- : 0:  i18n (0.6.9) from /home/nasarek/.rbenv/versions/2.0.0-p353/lib/ruby/gems/2.0.0/specifications/i18n-0.6.9.gemspec
I, [2014-02-15T22:02:37.671112 #23681]  INFO -- : 0:  multi_json (1.8.4) from /home/nasarek/.rbenv/versions/2.0.0-p353/lib/ruby/gems/2.0.0/specifications/multi_json-1.8.4.gemspec
I, [2014-02-15T22:02:37.673875 #23681]  INFO -- : 0:  activesupport (3.2.9) from /home/nasarek/.rbenv/versions/2.0.0-p353/lib/ruby/gems/2.0.0/specifications/activesupport-3.2.9.gemspec
I, [2014-02-15T22:02:37.676292 #23681]  INFO -- : 0:  builder (3.0.4) from /home/nasarek/.rbenv/versions/2.0.0-p353/lib/ruby/gems/2.0.0/specifications/builder-3.0.4.gemspec
I, [2014-02-15T22:02:37.678259 #23681]  INFO -- : 0:  activemodel (3.2.9) from /home/nasarek/.rbenv/versions/2.0.0-p353/lib/ruby/gems/2.0.0/specifications/activemodel-3.2.9.gemspec
I, [2014-02-15T22:02:37.680448 #23681]  INFO -- : 0:  arel (3.0.3) from /home/nasarek/.rbenv/versions/2.0.0-p353/lib/ruby/gems/2.0.0/specifications/arel-3.0.3.gemspec
I, [2014-02-15T22:02:37.682448 #23681]  INFO -- : 0:  tzinfo (0.3.38) from /home/nasarek/.rbenv/versions/2.0.0-p353/lib/ruby/gems/2.0.0/specifications/tzinfo-0.3.38.gemspec
I, [2014-02-15T22:02:37.685240 #23681]  INFO -- : 0:  activerecord (3.2.9) from /home/nasarek/.rbenv/versions/2.0.0-p353/lib/ruby/gems/2.0.0/specifications/activerecord-3.2.9.gemspec
I, [2014-02-15T22:02:38.685751 #23681]  INFO -- : 0:  diff-lcs (1.1.3) from /home/nasarek/.rbenv/versions/2.0.0-p353/lib/ruby/gems/2.0.0/specifications/diff-lcs-1.1.3.gemspec
I, [2014-02-15T22:02:38.687834 #23681]  INFO -- : 0:  haml (3.1.7) from /home/nasarek/.rbenv/versions/2.0.0-p353/lib/ruby/gems/2.0.0/specifications/haml-3.1.7.gemspec
I, [2014-02-15T22:03:30.876299 #23681]  INFO -- : 0:  kgio (2.9.0) from /home/nasarek/.rbenv/versions/2.0.0-p353/lib/ruby/gems/2.0.0/specifications/kgio-2.9.0.gemspec
I, [2014-02-15T22:03:32.470322 #23681]  INFO -- : 0:  rack (1.4.1) from /home/nasarek/.rbenv/versions/2.0.0-p353/lib/ruby/gems/2.0.0/specifications/rack-1.4.1.gemspec
I, [2014-02-15T22:03:33.393875 #23681]  INFO -- : 0:  rack-protection (1.5.2) from /home/nasarek/.rbenv/versions/2.0.0-p353/lib/ruby/gems/2.0.0/specifications/rack-protection-1.5.2.gemspec
I, [2014-02-15T22:03:46.775735 #23681]  INFO -- : 0:  raindrops (0.12.0) from /home/nasarek/.rbenv/versions/2.0.0-p353/lib/ruby/gems/2.0.0/specifications/raindrops-0.12.0.gemspec
I, [2014-02-15T22:03:48.481583 #23681]  INFO -- : 0:  rspec-core (2.12.2) from /home/nasarek/.rbenv/versions/2.0.0-p353/lib/ruby/gems/2.0.0/specifications/rspec-core-2.12.2.gemspec
I, [2014-02-15T22:03:49.817765 #23681]  INFO -- : 0:  rspec-expectations (2.12.1) from /home/nasarek/.rbenv/versions/2.0.0-p353/lib/ruby/gems/2.0.0/specifications/rspec-expectations-2.12.1.gemspec
I, [2014-02-15T22:03:51.204043 #23681]  INFO -- : 0:  rspec-mocks (2.12.2) from /home/nasarek/.rbenv/versions/2.0.0-p353/lib/ruby/gems/2.0.0/specifications/rspec-mocks-2.12.2.gemspec
I, [2014-02-15T22:03:51.877579 #23681]  INFO -- : 0:  rspec (2.12.0) from /home/nasarek/.rbenv/versions/2.0.0-p353/lib/ruby/gems/2.0.0/specifications/rspec-2.12.0.gemspec
I, [2014-02-15T22:03:51.879836 #23681]  INFO -- : 0:  tilt (1.4.1) from /home/nasarek/.rbenv/versions/2.0.0-p353/lib/ruby/gems/2.0.0/specifications/tilt-1.4.1.gemspec
I, [2014-02-15T22:03:53.550139 #23681]  INFO -- : 0:  sinatra (1.3.3) from /home/nasarek/.rbenv/versions/2.0.0-p353/lib/ruby/gems/2.0.0/specifications/sinatra-1.3.3.gemspec
I, [2014-02-15T22:04:10.944829 #23681]  INFO -- : 0:  sqlite3 (1.3.6) from /home/nasarek/.rbenv/versions/2.0.0-p353/lib/ruby/gems/2.0.0/specifications/sqlite3-1.3.6.gemspec
I, [2014-02-15T22:04:33.011629 #23681]  INFO -- : 0:  unicorn (4.8.1) from /home/nasarek/.rbenv/versions/2.0.0-p353/lib/ruby/gems/2.0.0/specifications/unicorn-4.8.1.gemspec
I, [2014-02-15T22:04:33.013783 #23681]  INFO -- : 0:  bundler (1.5.1) from /home/nasarek/.rbenv/versions/2.0.0-p353/lib/ruby/gems/2.0.0/specifications/bundler-1.5.1.gemspec
