D, [2012-12-28T22:48:07.256097 #16019] DEBUG -- :   [1m[36m (0.5ms)[0m  [1mselect sqlite_version(*)[0m
D, [2012-12-28T22:48:07.365683 #16019] DEBUG -- :   [1m[35m (108.2ms)[0m  CREATE TABLE "schema_migrations" ("version" varchar(255) NOT NULL) 
D, [2012-12-28T22:48:07.466890 #16019] DEBUG -- :   [1m[36m (99.7ms)[0m  [1mCREATE UNIQUE INDEX "unique_schema_migrations" ON "schema_migrations" ("version")[0m
D, [2012-12-28T22:49:51.095430 #16047] DEBUG -- :   [1m[36m (2.3ms)[0m  [1mSELECT "schema_migrations"."version" FROM "schema_migrations" [0m
I, [2012-12-28T22:49:51.095717 #16047]  INFO -- : Migrating to InitialMigration (20121228215613)
D, [2012-12-28T22:49:51.096493 #16047] DEBUG -- :   [1m[35m (0.2ms)[0m  select sqlite_version(*)
D, [2012-12-28T22:49:51.097219 #16047] DEBUG -- :   [1m[36m (0.2ms)[0m  [1mbegin transaction[0m
D, [2012-12-28T22:49:51.103084 #16047] DEBUG -- :   [1m[35m (0.2ms)[0m  rollback transaction
D, [2012-12-28T22:56:28.904015 #16226] DEBUG -- :   [1m[36m (0.4ms)[0m  [1mselect sqlite_version(*)[0m
D, [2012-12-28T22:56:29.009916 #16226] DEBUG -- :   [1m[35m (104.7ms)[0m  CREATE TABLE "schema_migrations" ("version" varchar(255) NOT NULL) 
D, [2012-12-28T22:56:29.122042 #16226] DEBUG -- :   [1m[36m (111.1ms)[0m  [1mCREATE UNIQUE INDEX "unique_schema_migrations" ON "schema_migrations" ("version")[0m
D, [2012-12-28T22:56:29.133437 #16226] DEBUG -- :   [1m[35m (3.6ms)[0m  SELECT "schema_migrations"."version" FROM "schema_migrations" 
I, [2012-12-28T22:56:29.133862 #16226]  INFO -- : Migrating to InitialMigration (20121228215613)
D, [2012-12-28T22:56:29.134876 #16226] DEBUG -- :   [1m[36m (0.3ms)[0m  [1mbegin transaction[0m
D, [2012-12-28T22:56:29.140117 #16226] DEBUG -- :   [1m[35m (0.3ms)[0m  rollback transaction
D, [2012-12-28T23:00:17.556272 #16507] DEBUG -- :   [1m[36m (2.3ms)[0m  [1mSELECT "schema_migrations"."version" FROM "schema_migrations" [0m
I, [2012-12-28T23:00:17.556554 #16507]  INFO -- : Migrating to CreateMeasurements (20121228215613)
D, [2012-12-28T23:00:17.557280 #16507] DEBUG -- :   [1m[35m (0.2ms)[0m  select sqlite_version(*)
D, [2012-12-28T23:00:17.558013 #16507] DEBUG -- :   [1m[36m (0.2ms)[0m  [1mbegin transaction[0m
D, [2012-12-28T23:00:17.596263 #16507] DEBUG -- :   [1m[35m (5.5ms)[0m  CREATE TABLE "measurements" ("id" INTEGER PRIMARY KEY AUTOINCREMENT NOT NULL, "DT" integer, "T0" float, "H0" integer, "T1" float, "H1" integer, "T2" float, "H2" integer, "T3" float, "H3" integer, "T4" float, "H4" integer, "T5" float, "H5" integer, "PRESS" float, "UV" integer, "FC" integer, "STORM" integer, "WD" integer, "WS" float, "WG" float, "WC" float, "RC" integer) 
D, [2012-12-28T23:00:17.599309 #16507] DEBUG -- :   [1m[36m (0.7ms)[0m  [1mINSERT INTO "schema_migrations" ("version") VALUES ('20121228215613')[0m
D, [2012-12-28T23:00:17.731222 #16507] DEBUG -- :   [1m[35m (131.3ms)[0m  commit transaction
D, [2012-12-28T23:10:04.522521 #17419] DEBUG -- :   [1m[36m (2.3ms)[0m  [1mSELECT "schema_migrations"."version" FROM "schema_migrations" [0m
I, [2012-12-28T23:10:04.522887 #17419]  INFO -- : Migrating to CreateMeasurements (20121228215613)
D, [2012-12-28T23:14:58.983539 #17507] DEBUG -- :   [1m[36m (2.6ms)[0m  [1mSELECT "schema_migrations"."version" FROM "schema_migrations" [0m
D, [2012-12-28T23:14:58.985386 #17507] DEBUG -- :   [1m[35m (0.4ms)[0m  SELECT "schema_migrations"."version" FROM "schema_migrations" 
D, [2012-12-28T23:14:58.989138 #17507] DEBUG -- :   [1m[36m (0.5ms)[0m  [1mSELECT "schema_migrations"."version" FROM "schema_migrations" [0m
I, [2012-12-28T23:14:58.989371 #17507]  INFO -- : Migrating to CreateMeasurements (20121228215613)
D, [2012-12-28T23:14:58.990043 #17507] DEBUG -- :   [1m[35m (0.3ms)[0m  select sqlite_version(*)
D, [2012-12-28T23:14:58.990710 #17507] DEBUG -- :   [1m[36m (0.2ms)[0m  [1mbegin transaction[0m
D, [2012-12-28T23:14:58.996716 #17507] DEBUG -- :   [1m[35m (1.8ms)[0m  DROP TABLE "measurements"
D, [2012-12-28T23:14:58.999250 #17507] DEBUG -- :   [1m[36m (0.5ms)[0m  [1mDELETE FROM "schema_migrations" WHERE "schema_migrations"."version" = '20121228215613'[0m
D, [2012-12-28T23:14:59.163581 #17507] DEBUG -- :   [1m[35m (163.9ms)[0m  commit transaction
D, [2012-12-28T23:15:08.289107 #17532] DEBUG -- :   [1m[36m (2.2ms)[0m  [1mSELECT "schema_migrations"."version" FROM "schema_migrations" [0m
I, [2012-12-28T23:15:08.289450 #17532]  INFO -- : Migrating to CreateMeasurements (20121228215613)
D, [2012-12-28T23:15:08.290264 #17532] DEBUG -- :   [1m[35m (0.3ms)[0m  select sqlite_version(*)
D, [2012-12-28T23:15:08.291033 #17532] DEBUG -- :   [1m[36m (0.2ms)[0m  [1mbegin transaction[0m
D, [2012-12-28T23:15:08.335870 #17532] DEBUG -- :   [1m[35m (5.6ms)[0m  CREATE TABLE "measurements" ("id" INTEGER PRIMARY KEY AUTOINCREMENT NOT NULL, "DT" integer, "T0" float, "H0" integer, "T1" float, "H1" integer, "T2" float, "H2" integer, "T3" float, "H3" integer, "T4" float, "H4" integer, "T5" float, "H5" integer, "PRESS" float, "UV" integer, "FC" integer, "STORM" integer, "WD" integer, "WS" float, "WG" float, "WC" float, "RC" integer) 
D, [2012-12-28T23:15:08.339061 #17532] DEBUG -- :   [1m[36m (0.7ms)[0m  [1mINSERT INTO "schema_migrations" ("version") VALUES ('20121228215613')[0m
D, [2012-12-28T23:15:08.445901 #17532] DEBUG -- :   [1m[35m (106.1ms)[0m  commit transaction
D, [2012-12-28T23:15:36.717454 #17558] DEBUG -- :   [1m[36m (3.4ms)[0m  [1mSELECT "schema_migrations"."version" FROM "schema_migrations" [0m
D, [2012-12-28T23:15:36.720200 #17558] DEBUG -- :   [1m[35m (0.6ms)[0m  SELECT "schema_migrations"."version" FROM "schema_migrations" 
D, [2012-12-28T23:15:36.725353 #17558] DEBUG -- :   [1m[36m (0.6ms)[0m  [1mSELECT "schema_migrations"."version" FROM "schema_migrations" [0m
I, [2012-12-28T23:15:36.725701 #17558]  INFO -- : Migrating to CreateMeasurements (20121228215613)
D, [2012-12-28T23:15:36.726440 #17558] DEBUG -- :   [1m[35m (0.2ms)[0m  select sqlite_version(*)
D, [2012-12-28T23:15:36.727205 #17558] DEBUG -- :   [1m[36m (0.2ms)[0m  [1mbegin transaction[0m
D, [2012-12-28T23:15:36.735047 #17558] DEBUG -- :   [1m[35m (1.6ms)[0m  DROP TABLE "measurements"
D, [2012-12-28T23:15:36.737658 #17558] DEBUG -- :   [1m[36m (0.5ms)[0m  [1mDELETE FROM "schema_migrations" WHERE "schema_migrations"."version" = '20121228215613'[0m
D, [2012-12-28T23:15:36.872493 #17558] DEBUG -- :   [1m[35m (134.2ms)[0m  commit transaction
D, [2012-12-28T23:16:03.362388 #17664] DEBUG -- :   [1m[36m (2.4ms)[0m  [1mSELECT "schema_migrations"."version" FROM "schema_migrations" [0m
I, [2012-12-28T23:16:03.362671 #17664]  INFO -- : Migrating to CreateMeasurements (20121228215613)
D, [2012-12-28T23:16:03.363375 #17664] DEBUG -- :   [1m[35m (0.2ms)[0m  select sqlite_version(*)
D, [2012-12-28T23:16:03.364134 #17664] DEBUG -- :   [1m[36m (0.2ms)[0m  [1mbegin transaction[0m
D, [2012-12-28T23:16:03.402686 #17664] DEBUG -- :   [1m[35m (5.2ms)[0m  CREATE TABLE "measurements" ("id" INTEGER PRIMARY KEY AUTOINCREMENT NOT NULL, "DT" date, "T0" float, "H0" integer, "T1" float, "H1" integer, "T2" float, "H2" integer, "T3" float, "H3" integer, "T4" float, "H4" integer, "T5" float, "H5" integer, "PRESS" float, "UV" integer, "FC" integer, "STORM" integer, "WD" integer, "WS" float, "WG" float, "WC" float, "RC" integer) 
D, [2012-12-28T23:16:03.405082 #17664] DEBUG -- :   [1m[36m (0.6ms)[0m  [1mINSERT INTO "schema_migrations" ("version") VALUES ('20121228215613')[0m
D, [2012-12-28T23:16:03.513438 #17664] DEBUG -- :   [1m[35m (107.8ms)[0m  commit transaction
D, [2012-12-29T21:43:43.507805 #4202] DEBUG -- :   [1m[36m (2.2ms)[0m  [1mSELECT "schema_migrations"."version" FROM "schema_migrations" [0m
D, [2012-12-29T21:43:43.509583 #4202] DEBUG -- :   [1m[35m (0.4ms)[0m  SELECT "schema_migrations"."version" FROM "schema_migrations" 
D, [2012-12-29T21:43:43.513129 #4202] DEBUG -- :   [1m[36m (0.5ms)[0m  [1mSELECT "schema_migrations"."version" FROM "schema_migrations" [0m
I, [2012-12-29T21:43:43.513360 #4202]  INFO -- : Migrating to CreateMeasurements (20121228215613)
D, [2012-12-29T21:43:43.514052 #4202] DEBUG -- :   [1m[35m (0.3ms)[0m  select sqlite_version(*)
D, [2012-12-29T21:43:43.514783 #4202] DEBUG -- :   [1m[36m (0.2ms)[0m  [1mbegin transaction[0m
D, [2012-12-29T21:43:43.538347 #4202] DEBUG -- :   [1m[35m (1.7ms)[0m  DROP TABLE "measurements"
D, [2012-12-29T21:43:43.542563 #4202] DEBUG -- :   [1m[36m (0.8ms)[0m  [1mDELETE FROM "schema_migrations" WHERE "schema_migrations"."version" = '20121228215613'[0m
D, [2012-12-29T21:43:43.675195 #4202] DEBUG -- :   [1m[35m (131.8ms)[0m  commit transaction
D, [2012-12-29T21:45:20.001783 #4360] DEBUG -- :   [1m[36m (2.2ms)[0m  [1mSELECT "schema_migrations"."version" FROM "schema_migrations" [0m
I, [2012-12-29T21:45:20.002071 #4360]  INFO -- : Migrating to CreateMeasurements (20121228215613)
D, [2012-12-29T21:45:20.002830 #4360] DEBUG -- :   [1m[35m (0.2ms)[0m  select sqlite_version(*)
D, [2012-12-29T21:45:20.003535 #4360] DEBUG -- :   [1m[36m (0.2ms)[0m  [1mbegin transaction[0m
D, [2012-12-29T21:45:20.058219 #4360] DEBUG -- :   [1m[35m (2.5ms)[0m  CREATE TABLE "measurements" ("id" INTEGER PRIMARY KEY AUTOINCREMENT NOT NULL, "DT" integer, "T0" float, "H0" integer, "T1" float, "H1" integer, "T2" float, "H2" integer, "T3" float, "H3" integer, "T4" float, "H4" integer, "T5" float, "H5" integer, "PRESS" float, "UV" integer, "FC" integer, "STORM" integer, "WD" integer, "WS" float, "WG" float, "WC" float, "RC" integer) 
D, [2012-12-29T21:45:20.061474 #4360] DEBUG -- :   [1m[36m (0.8ms)[0m  [1mINSERT INTO "schema_migrations" ("version") VALUES ('20121228215613')[0m
D, [2012-12-29T21:45:20.169091 #4360] DEBUG -- :   [1m[35m (106.9ms)[0m  commit transaction
D, [2012-12-29T22:05:54.374227 #5153] DEBUG -- :   [1m[36m (2.4ms)[0m  [1mSELECT "schema_migrations"."version" FROM "schema_migrations" [0m
D, [2012-12-29T22:05:54.376183 #5153] DEBUG -- :   [1m[35m (0.4ms)[0m  SELECT "schema_migrations"."version" FROM "schema_migrations" 
D, [2012-12-29T22:05:54.379304 #5153] DEBUG -- :   [1m[36m (0.4ms)[0m  [1mSELECT "schema_migrations"."version" FROM "schema_migrations" [0m
I, [2012-12-29T22:05:54.379534 #5153]  INFO -- : Migrating to CreateMeasurements (20121228215613)
D, [2012-12-29T22:05:54.380192 #5153] DEBUG -- :   [1m[35m (0.2ms)[0m  select sqlite_version(*)
D, [2012-12-29T22:05:54.380925 #5153] DEBUG -- :   [1m[36m (0.2ms)[0m  [1mbegin transaction[0m
D, [2012-12-29T22:05:54.387391 #5153] DEBUG -- :   [1m[35m (2.7ms)[0m  DROP TABLE "measurements"
D, [2012-12-29T22:05:54.389570 #5153] DEBUG -- :   [1m[36m (0.5ms)[0m  [1mDELETE FROM "schema_migrations" WHERE "schema_migrations"."version" = '20121228215613'[0m
D, [2012-12-29T22:05:54.516215 #5153] DEBUG -- :   [1m[35m (126.0ms)[0m  commit transaction
D, [2012-12-29T22:06:36.996938 #5232] DEBUG -- :   [1m[36m (2.4ms)[0m  [1mSELECT "schema_migrations"."version" FROM "schema_migrations" [0m
I, [2012-12-29T22:06:36.997226 #5232]  INFO -- : Migrating to CreateMeasurements (20121229220606)
D, [2012-12-29T22:06:36.997908 #5232] DEBUG -- :   [1m[35m (0.3ms)[0m  select sqlite_version(*)
D, [2012-12-29T22:06:36.998568 #5232] DEBUG -- :   [1m[36m (0.2ms)[0m  [1mbegin transaction[0m
D, [2012-12-29T22:06:37.002984 #5232] DEBUG -- :   [1m[35m (0.2ms)[0m  rollback transaction
D, [2012-12-29T22:10:14.468516 #5371] DEBUG -- :   [1m[36m (2.2ms)[0m  [1mSELECT "schema_migrations"."version" FROM "schema_migrations" [0m
I, [2012-12-29T22:10:14.468847 #5371]  INFO -- : Migrating to CreateMeasurements (20121229220958)
D, [2012-12-29T22:10:14.469515 #5371] DEBUG -- :   [1m[35m (0.3ms)[0m  select sqlite_version(*)
D, [2012-12-29T22:10:14.470251 #5371] DEBUG -- :   [1m[36m (0.2ms)[0m  [1mbegin transaction[0m
D, [2012-12-29T22:10:14.475433 #5371] DEBUG -- :   [1m[35m (0.2ms)[0m  rollback transaction
D, [2012-12-29T22:12:07.140293 #5446] DEBUG -- :   [1m[36m (2.2ms)[0m  [1mSELECT "schema_migrations"."version" FROM "schema_migrations" [0m
I, [2012-12-29T22:12:07.140580 #5446]  INFO -- : Migrating to CreateMeasurements (20121229220958)
D, [2012-12-29T22:12:07.141290 #5446] DEBUG -- :   [1m[35m (0.2ms)[0m  select sqlite_version(*)
D, [2012-12-29T22:12:07.142034 #5446] DEBUG -- :   [1m[36m (0.2ms)[0m  [1mbegin transaction[0m
D, [2012-12-29T22:12:07.147198 #5446] DEBUG -- :   [1m[35m (0.2ms)[0m  rollback transaction
D, [2012-12-29T22:12:47.364423 #5471] DEBUG -- :   [1m[36m (2.8ms)[0m  [1mSELECT "schema_migrations"."version" FROM "schema_migrations" [0m
I, [2012-12-29T22:12:47.364820 #5471]  INFO -- : Migrating to CreateMeasurements (20121229220958)
D, [2012-12-29T22:12:47.365558 #5471] DEBUG -- :   [1m[35m (0.3ms)[0m  select sqlite_version(*)
D, [2012-12-29T22:12:47.366492 #5471] DEBUG -- :   [1m[36m (0.2ms)[0m  [1mbegin transaction[0m
D, [2012-12-29T22:12:47.371773 #5471] DEBUG -- :   [1m[35m (0.2ms)[0m  rollback transaction
D, [2012-12-29T22:16:51.018552 #5558] DEBUG -- :   [1m[36m (2.2ms)[0m  [1mSELECT "schema_migrations"."version" FROM "schema_migrations" [0m
I, [2012-12-29T22:16:51.018904 #5558]  INFO -- : Migrating to CreateMeasurements (20121229221631)
D, [2012-12-29T22:16:51.019546 #5558] DEBUG -- :   [1m[35m (0.2ms)[0m  select sqlite_version(*)
D, [2012-12-29T22:16:51.020293 #5558] DEBUG -- :   [1m[36m (0.2ms)[0m  [1mbegin transaction[0m
D, [2012-12-29T22:16:51.025081 #5558] DEBUG -- :   [1m[35m (0.2ms)[0m  rollback transaction
D, [2012-12-29T22:23:55.947125 #5808] DEBUG -- :   [1m[36m (2.3ms)[0m  [1mSELECT "schema_migrations"."version" FROM "schema_migrations" [0m
I, [2012-12-29T22:23:55.947439 #5808]  INFO -- : Migrating to CreateMeasurements (20121229222340)
D, [2012-12-29T22:23:55.948142 #5808] DEBUG -- :   [1m[35m (0.2ms)[0m  select sqlite_version(*)
D, [2012-12-29T22:23:55.948890 #5808] DEBUG -- :   [1m[36m (0.2ms)[0m  [1mbegin transaction[0m
D, [2012-12-29T22:23:55.987089 #5808] DEBUG -- :   [1m[35m (7.0ms)[0m  CREATE TABLE "measurements" ("id" INTEGER PRIMARY KEY AUTOINCREMENT NOT NULL, "DT" integer, "T0" float, "H0" integer, "T1" float, "H1" integer, "T2" float, "H2" integer, "T3" float, "H3" integer, "T4" float, "H4" integer, "T5" float, "H5" integer, "PRESS" float, "UV" integer, "FC" integer, "STORM" integer, "WD" integer, "WS" float, "WG" float, "WC" float, "RC" integer) 
D, [2012-12-29T22:23:55.999917 #5808] DEBUG -- :   [1m[36m (0.7ms)[0m  [1mINSERT INTO "schema_migrations" ("version") VALUES ('20121229222340')[0m
D, [2012-12-29T22:23:56.112751 #5808] DEBUG -- :   [1m[35m (112.0ms)[0m  commit transaction
D, [2012-12-29T22:28:12.318495 #5867] DEBUG -- :   [1m[36m (2.4ms)[0m  [1mSELECT "schema_migrations"."version" FROM "schema_migrations" [0m
D, [2012-12-29T22:28:12.320340 #5867] DEBUG -- :   [1m[35m (0.4ms)[0m  SELECT "schema_migrations"."version" FROM "schema_migrations" 
D, [2012-12-29T22:28:12.324307 #5867] DEBUG -- :   [1m[36m (0.5ms)[0m  [1mSELECT "schema_migrations"."version" FROM "schema_migrations" [0m
I, [2012-12-29T22:28:12.324549 #5867]  INFO -- : Migrating to CreateMeasurements (20121229222340)
D, [2012-12-29T22:28:12.325243 #5867] DEBUG -- :   [1m[35m (0.2ms)[0m  select sqlite_version(*)
D, [2012-12-29T22:28:12.325987 #5867] DEBUG -- :   [1m[36m (0.2ms)[0m  [1mbegin transaction[0m
D, [2012-12-29T22:28:12.333091 #5867] DEBUG -- :   [1m[35m (3.4ms)[0m  DROP TABLE "measurements"
D, [2012-12-29T22:28:12.335183 #5867] DEBUG -- :   [1m[36m (0.5ms)[0m  [1mDELETE FROM "schema_migrations" WHERE "schema_migrations"."version" = '20121229222340'[0m
D, [2012-12-29T22:28:12.469165 #5867] DEBUG -- :   [1m[35m (133.4ms)[0m  commit transaction
D, [2012-12-29T22:32:49.146281 #6096] DEBUG -- :   [1m[36m (2.4ms)[0m  [1mSELECT "schema_migrations"."version" FROM "schema_migrations" [0m
I, [2012-12-29T22:32:49.146562 #6096]  INFO -- : Migrating to CreateMeasurements (20121229222340)
D, [2012-12-29T22:32:49.147257 #6096] DEBUG -- :   [1m[35m (0.2ms)[0m  select sqlite_version(*)
D, [2012-12-29T22:32:49.147990 #6096] DEBUG -- :   [1m[36m (0.2ms)[0m  [1mbegin transaction[0m
D, [2012-12-29T22:32:49.186675 #6096] DEBUG -- :   [1m[35m (5.9ms)[0m  CREATE TABLE "measurements" ("id" INTEGER PRIMARY KEY AUTOINCREMENT NOT NULL, "DT" integer, "T0" float, "H0" integer, "T1" float, "H1" integer, "T2" float, "H2" integer, "T3" float, "H3" integer, "T4" float, "H4" integer, "T5" float, "H5" integer, "PRESS" float, "UV" integer, "FC" integer, "STORM" integer, "WD" integer, "WS" float, "WG" float, "WC" float, "RC" integer) 
D, [2012-12-29T22:32:49.189781 #6096] DEBUG -- :   [1m[36m (0.8ms)[0m  [1mINSERT INTO "schema_migrations" ("version") VALUES ('20121229222340')[0m
D, [2012-12-29T22:32:49.305754 #6096] DEBUG -- :   [1m[35m (115.2ms)[0m  commit transaction
